<?xml version="1.0" encoding="UTF-8"?>
<!-- Generated by org.testng.reporters.JUnitReportReporter -->
<testsuite skipped="0" hostname="LAPTOP-S1M5SLT4" name="pckg.NewTest" tests="2" failures="0" timestamp="19 Jan 2019 08:36:43 GMT" time="288.427" errors="0">
  <testcase name="NegativeScenarios" time="81.066" classname="pckg.NewTest"/>
  <testcase name="PositiveScenarios" time="207.361" classname="pckg.NewTest"/>
</testsuite> <!-- pckg.NewTest -->
