<?xml version="1.0" encoding="UTF-8"?>
<!-- Generated by org.testng.reporters.JUnitReportReporter -->
<testsuite skipped="0" hostname="LAPTOP-S1M5SLT4" name="pckg.qachange" tests="2" failures="0" timestamp="23 Feb 2019 13:25:28 GMT" time="580.864" errors="0">
  <testcase name="PositiveScenarios" time="515.480" classname="pckg.qachange"/>
  <testcase name="NegativeScenarios" time="65.384" classname="pckg.qachange"/>
</testsuite> <!-- pckg.qachange -->
